[INFO][2025-07-03 22:46:23] successful connection to DSN:pgsql:host=localhost;dbname=template1;user=postgres;password=1029384756
[INFO][2025-07-03 22:46:24] successful connection to DSN:pgsql:host=localhost;dbname=template1;user=postgres;password=1029384756
[INFO][2025-07-03 22:46:49] successful connection to DSN:pgsql:host=localhost;dbname=template1;user=postgres;password=1029384756
[INFO][2025-07-03 22:46:50] successful connection to DSN:pgsql:host=localhost;dbname=template1;user=postgres;password=1029384756
[INFO][2025-07-03 22:46:50] successful connection to DSN:pgsql:host=localhost;dbname=template1;user=postgres;password=1029384756
[INFO][2025-07-03 22:46:50] successful connection to DSN:pgsql:host=localhost;dbname=template1;user=postgres;password=1029384756
[INFO][2025-07-03 22:46:50] successful connection to DSN:pgsql:host=localhost;dbname=template1;user=postgres;password=1029384756
[INFO][2025-07-03 22:46:50] successful connection to DSN:pgsql:host=localhost;dbname=template1;user=postgres;password=1029384756
[INFO][2025-07-03 22:47:15] successful connection to DSN:pgsql:host=localhost;dbname=template1;user=postgres;password=1029384756
[INFO][2025-07-03 22:47:16] successful connection to DSN:pgsql:host=localhost;dbname=template1;user=postgres;password=1029384756
[INFO][2025-07-03 22:47:17] successful connection to DSN:pgsql:host=localhost;dbname=template1;user=postgres;password=1029384756
[INFO][2025-07-03 22:48:45] successful connection to DSN:pgsql:host=localhost;dbname=template1;user=postgres;password=1029384756
[INFO][2025-07-03 22:48:47] successful connection to DSN:pgsql:host=localhost;dbname=template1;user=postgres;password=1029384756
[INFO][2025-07-03 22:50:42] successful connection to DSN:pgsql:host=localhost;dbname=template1;user=postgres;password=1029384756
[INFO][2025-07-03 22:50:42] successful connection to DSN:pgsql:host=localhost;dbname=template1;user=postgres;password=1029384756
[INFO][2025-07-03 22:50:43] successful connection to DSN:pgsql:host=localhost;dbname=template1;user=postgres;password=1029384756
[INFO][2025-07-03 22:52:15] successful connection to DSN:pgsql:host=localhost;dbname=template1;user=postgres;password=1029384756
[INFO][2025-07-03 22:52:16] successful connection to DSN:pgsql:host=localhost;dbname=template1;user=postgres;password=1029384756
[INFO][2025-07-03 22:52:16] successful connection to DSN:pgsql:host=localhost;dbname=template1;user=postgres;password=1029384756
[INFO][2025-07-03 22:52:23] successful connection to DSN:pgsql:host=localhost;dbname=template1;user=postgres;password=1029384756
[INFO][2025-07-03 22:52:24] successful connection to DSN:pgsql:host=localhost;dbname=template1;user=postgres;password=1029384756
[INFO][2025-07-03 22:52:24] successful connection to DSN:pgsql:host=localhost;dbname=template1;user=postgres;password=1029384756
[INFO][2025-07-03 22:52:39] successful connection to DSN:pgsql:host=localhost;dbname=template1;user=postgres;password=1029384756
[INFO][2025-07-03 22:52:43] successful connection to DSN:pgsql:host=localhost;dbname=template1;user=postgres;password=1029384756
[INFO][2025-07-03 22:55:28] successful connection to DSN:pgsql:host=localhost;dbname=template1;user=postgres;password=1029384756
[INFO][2025-07-03 22:57:30] successful connection to DSN:pgsql:host=localhost;dbname=template1;user=postgres;password=1029384756
[INFO][2025-07-03 22:57:34] successful connection to DSN:pgsql:host=localhost;dbname=template1;user=postgres;password=1029384756
[INFO][2025-07-03 22:57:35] successful connection to DSN:pgsql:host=localhost;dbname=template1;user=postgres;password=1029384756
[INFO][2025-07-03 22:57:35] successful connection to DSN:pgsql:host=localhost;dbname=template1;user=postgres;password=1029384756
[INFO][2025-07-03 22:57:35] successful connection to DSN:pgsql:host=localhost;dbname=template1;user=postgres;password=1029384756
[INFO][2025-07-03 22:57:35] successful connection to DSN:pgsql:host=localhost;dbname=template1;user=postgres;password=1029384756
[INFO][2025-07-03 22:57:36] successful connection to DSN:pgsql:host=localhost;dbname=template1;user=postgres;password=1029384756
[INFO][2025-07-03 22:57:36] successful connection to DSN:pgsql:host=localhost;dbname=template1;user=postgres;password=1029384756
[INFO][2025-07-03 22:57:36] successful connection to DSN:pgsql:host=localhost;dbname=template1;user=postgres;password=1029384756
[INFO][2025-07-03 22:58:12] successful connection to DSN:pgsql:host=localhost;dbname=template1;user=postgres;password=1029384756
[INFO][2025-07-03 22:58:22] successful connection to DSN:pgsql:host=localhost;dbname=template1;user=postgres;password=1029384756
[INFO][2025-07-03 23:00:19] successful connection to DSN:pgsql:host=localhost;dbname=template1;user=postgres;password=1029384756
[INFO][2025-07-03 23:00:20] successful connection to DSN:pgsql:host=localhost;dbname=template1;user=postgres;password=1029384756
[INFO][2025-07-03 23:00:51] successful connection to DSN:pgsql:host=localhost;dbname=template1;user=postgres;password=1029384756
[INFO][2025-07-03 23:02:08] successful connection to DSN:pgsql:host=localhost;dbname=template1;user=postgres;password=1029384756
[INFO][2025-07-03 23:02:09] successful connection to DSN:pgsql:host=localhost;dbname=template1;user=postgres;password=1029384756
[INFO][2025-07-03 23:02:19] successful connection to DSN:pgsql:host=localhost;dbname=template1;user=postgres;password=1029384756
[INFO][2025-07-03 23:02:28] successful connection to DSN:pgsql:host=localhost;dbname=template1;user=postgres;password=1029384756
[INFO][2025-07-03 23:02:30] successful connection to DSN:pgsql:host=localhost;dbname=template1;user=postgres;password=1029384756
[INFO][2025-07-03 23:02:30] successful connection to DSN:pgsql:host=localhost;dbname=template1;user=postgres;password=1029384756
[INFO][2025-07-03 23:02:30] successful connection to DSN:pgsql:host=localhost;dbname=template1;user=postgres;password=1029384756
[INFO][2025-07-03 23:04:07] successful connection to DSN:pgsql:host=localhost;dbname=template1;user=postgres;password=1029384756
[INFO][2025-07-03 23:04:22] successful connection to DSN:pgsql:host=localhost;dbname=template1;user=postgres;password=1029384756
[INFO][2025-07-03 23:04:23] successful connection to DSN:pgsql:host=localhost;dbname=template1;user=postgres;password=1029384756
[INFO][2025-07-03 23:04:23] successful connection to DSN:pgsql:host=localhost;dbname=template1;user=postgres;password=1029384756
[INFO][2025-07-03 23:04:24] successful connection to DSN:pgsql:host=localhost;dbname=template1;user=postgres;password=1029384756
[INFO][2025-07-03 23:04:24] successful connection to DSN:pgsql:host=localhost;dbname=template1;user=postgres;password=1029384756
[INFO][2025-07-03 23:04:24] successful connection to DSN:pgsql:host=localhost;dbname=template1;user=postgres;password=1029384756
[INFO][2025-07-03 23:04:24] successful connection to DSN:pgsql:host=localhost;dbname=template1;user=postgres;password=1029384756
[INFO][2025-07-03 23:04:25] successful connection to DSN:pgsql:host=localhost;dbname=template1;user=postgres;password=1029384756
[INFO][2025-07-03 23:04:56] successful connection to DSN:pgsql:host=localhost;dbname=template1;user=postgres;password=1029384756
[INFO][2025-07-03 23:06:34] successful connection to DSN:pgsql:host=localhost;dbname=template1;user=postgres;password=1029384756
[INFO][2025-07-03 23:06:35] successful connection to DSN:pgsql:host=localhost;dbname=template1;user=postgres;password=1029384756
[INFO][2025-07-03 23:07:04] successful connection to DSN:pgsql:host=localhost;dbname=template1;user=postgres;password=1029384756
[INFO][2025-07-03 23:07:21] successful connection to DSN:pgsql:host=localhost;dbname=template1;user=postgres;password=1029384756
[INFO][2025-07-03 23:07:22] successful connection to DSN:pgsql:host=localhost;dbname=template1;user=postgres;password=1029384756
[INFO][2025-07-03 23:09:45] successful connection to DSN:pgsql:host=localhost;dbname=template1;user=postgres;password=1029384756
[INFO][2025-07-03 23:09:46] successful connection to DSN:pgsql:host=localhost;dbname=template1;user=postgres;password=1029384756
[INFO][2025-07-03 23:10:50] successful connection to DSN:pgsql:host=localhost;dbname=template1;user=postgres;password=1029384756
[INFO][2025-07-03 23:10:51] successful connection to DSN:pgsql:host=localhost;dbname=template1;user=postgres;password=1029384756
[INFO][2025-07-03 23:11:15] successful connection to DSN:pgsql:host=localhost;dbname=template1;user=postgres;password=1029384756
[INFO][2025-07-03 23:11:16] successful connection to DSN:pgsql:host=localhost;dbname=template1;user=postgres;password=1029384756
[INFO][2025-07-03 23:11:16] successful connection to DSN:pgsql:host=localhost;dbname=template1;user=postgres;password=1029384756
[INFO][2025-07-03 23:11:16] successful connection to DSN:pgsql:host=localhost;dbname=template1;user=postgres;password=1029384756
[INFO][2025-07-03 23:11:49] successful connection to DSN:pgsql:host=localhost;dbname=template1;user=postgres;password=1029384756
[INFO][2025-07-03 23:12:34] successful connection to DSN:pgsql:host=localhost;dbname=template1;user=postgres;password=1029384756
[INFO][2025-07-03 23:14:18] successful connection to DSN:pgsql:host=localhost;dbname=template1;user=postgres;password=1029384756
[INFO][2025-07-03 23:19:02] successful connection to DSN:pgsql:host=localhost;dbname=template1;user=postgres;password=1029384756
[INFO][2025-07-03 23:19:23] successful connection to DSN:pgsql:host=localhost;dbname=template1;user=postgres;password=1029384756
[INFO][2025-07-03 23:19:37] successful connection to DSN:pgsql:host=localhost;dbname=template1;user=postgres;password=1029384756
[INFO][2025-07-03 23:20:08] successful connection to DSN:pgsql:host=localhost;dbname=template1;user=postgres;password=1029384756
[INFO][2025-07-03 23:20:59] successful connection to DSN:pgsql:host=localhost;dbname=template1;user=postgres;password=1029384756
[INFO][2025-07-03 23:22:31] successful connection to DSN:pgsql:host=localhost;dbname=template1;user=postgres;password=1029384756
[INFO][2025-07-03 23:22:38] successful connection to DSN:pgsql:host=localhost;dbname=template1;user=postgres;password=1029384756
[INFO][2025-07-03 23:34:20] successful connection to DSN:pgsql:host=localhost;dbname=template1;user=postgres;password=1029384756
[INFO][2025-07-03 23:34:29] successful connection to DSN:pgsql:host=localhost;dbname=template1;user=postgres;password=1029384756
[INFO][2025-07-03 23:34:45] successful connection to DSN:pgsql:host=localhost;dbname=template1;user=postgres;password=1029384756
[INFO][2025-07-03 23:34:51] successful connection to DSN:pgsql:host=localhost;dbname=template1;user=postgres;password=1029384756
[INFO][2025-07-03 23:34:59] successful connection to DSN:pgsql:host=localhost;dbname=template1;user=postgres;password=1029384756
[INFO][2025-07-03 23:35:06] successful connection to DSN:pgsql:host=localhost;dbname=template1;user=postgres;password=1029384756
[INFO][2025-07-03 23:35:13] successful connection to DSN:pgsql:host=localhost;dbname=template1;user=postgres;password=1029384756
[INFO][2025-07-03 23:35:22] successful connection to DSN:pgsql:host=localhost;dbname=template1;user=postgres;password=1029384756
[INFO][2025-07-03 23:35:41] successful connection to DSN:pgsql:host=localhost;dbname=template1;user=postgres;password=1029384756
[INFO][2025-07-03 23:45:04] successful connection to DSN:pgsql:host=localhost;dbname=template1;user=postgres;password=1029384756
[INFO][2025-07-03 23:48:19] successful connection to DSN:pgsql:host=localhost;dbname=template1;user=postgres;password=1029384756
[INFO][2025-07-03 23:48:35] successful connection to DSN:pgsql:host=localhost;dbname=template1;user=postgres;password=1029384756
[INFO][2025-07-03 23:51:20] successful connection to DSN:pgsql:host=localhost;dbname=template1;user=postgres;password=1029384756
[INFO][2025-07-03 23:55:54] successful connection to DSN:pgsql:host=localhost;dbname=template1;user=postgres;password=1029384756
[INFO][2025-07-03 23:57:56] successful connection to DSN:pgsql:host=localhost;dbname=template1;user=postgres;password=1029384756
[INFO][2025-07-03 23:59:41] successful connection to DSN:pgsql:host=localhost;dbname=template1;user=postgres;password=1029384756
[INFO][2025-07-04 00:01:46] successful connection to DSN:pgsql:host=localhost;dbname=template1;user=postgres;password=1029384756
[INFO][2025-07-04 00:02:10] successful connection to DSN:pgsql:host=localhost;dbname=template1;user=postgres;password=1029384756
[INFO][2025-07-04 00:14:57] successful connection to DSN:pgsql:host=localhost;dbname=template1;user=postgres;password=1029384756
[INFO][2025-07-04 00:16:29] successful connection to DSN:pgsql:host=localhost;dbname=template1;user=postgres;password=1029384756
[INFO][2025-07-04 00:17:32] successful connection to DSN:pgsql:host=localhost;dbname=template1;user=postgres;password=1029384756
[INFO][2025-07-04 00:19:35] successful connection to DSN:pgsql:host=localhost;dbname=template1;user=postgres;password=1029384756
[INFO][2025-07-04 00:21:15] successful connection to DSN:pgsql:host=localhost;dbname=template1;user=postgres;password=1029384756
[INFO][2025-07-04 00:22:21] successful connection to DSN:pgsql:host=localhost;dbname=template1;user=postgres;password=1029384756
[ERROR][2025-07-04 00:22:21] SQLSTATE[HY093]: Invalid parameter number: :0
[INFO][2025-07-04 00:22:58] successful connection to DSN:pgsql:host=localhost;dbname=template1;user=postgres;password=1029384756
[ERROR][2025-07-04 00:22:58] SQLSTATE[HY093]: Invalid parameter number: :0
[INFO][2025-07-04 00:23:03] successful connection to DSN:pgsql:host=localhost;dbname=template1;user=postgres;password=1029384756
[INFO][2025-07-04 00:23:10] successful connection to DSN:pgsql:host=localhost;dbname=template1;user=postgres;password=1029384756
[ERROR][2025-07-04 00:23:10] SQLSTATE[HY093]: Invalid parameter number: :0
[INFO][2025-07-04 00:26:24] successful connection to DSN:pgsql:host=localhost;dbname=template1;user=postgres;password=1029384756
[ERROR][2025-07-04 00:26:24] SQLSTATE[HY093]: Invalid parameter number: :0
[INFO][2025-07-04 00:29:45] successful connection to DSN:pgsql:host=localhost;dbname=template1;user=postgres;password=1029384756
[INFO][2025-07-04 00:31:59] successful connection to DSN:pgsql:host=localhost;dbname=template1;user=postgres;password=1029384756
[INFO][2025-07-04 00:32:14] successful connection to DSN:pgsql:host=localhost;dbname=template1;user=postgres;password=1029384756
[INFO][2025-07-04 00:36:30] successful connection to DSN:pgsql:host=localhost;dbname=template1;user=postgres;password=1029384756
[INFO][2025-07-04 00:36:33] successful connection to DSN:pgsql:host=localhost;dbname=template1;user=postgres;password=1029384756
[ERROR][2025-07-04 00:36:33] SQLSTATE[23505]: Unique violation: 7 ERROR:  duplicate key value violates unique constraint "data_pkey"
DETAIL:  Key (ci)=(V309) already exists.
[INFO][2025-07-04 00:36:48] successful connection to DSN:pgsql:host=localhost;dbname=template1;user=postgres;password=1029384756
[ERROR][2025-07-04 00:36:48] SQLSTATE[22001]: String data, right truncated: 7 ERROR:  value too long for type character varying(5)
[INFO][2025-07-04 00:36:53] successful connection to DSN:pgsql:host=localhost;dbname=template1;user=postgres;password=1029384756
[INFO][2025-07-04 00:37:08] successful connection to DSN:pgsql:host=localhost;dbname=template1;user=postgres;password=1029384756
[ERROR][2025-07-04 00:37:08] SQLSTATE[23505]: Unique violation: 7 ERROR:  duplicate key value violates unique constraint "data_pkey"
DETAIL:  Key (ci)=(V301) already exists.
[INFO][2025-07-04 00:37:25] successful connection to DSN:pgsql:host=localhost;dbname=template1;user=postgres;password=1029384756
[INFO][2025-07-04 00:42:52] successful connection to DSN:pgsql:host=localhost;dbname=template1;user=postgres;password=1029384756
[INFO][2025-07-04 00:43:28] successful connection to DSN:pgsql:host=localhost;dbname=template1;user=postgres;password=1029384756
[ERROR][2025-07-04 00:43:28] SQLSTATE[23505]: Unique violation: 7 ERROR:  duplicate key value violates unique constraint "data_pkey"
DETAIL:  Key (ci)=(V301) already exists.
[INFO][2025-07-04 00:43:38] successful connection to DSN:pgsql:host=localhost;dbname=template1;user=postgres;password=1029384756
[INFO][2025-07-04 00:44:10] successful connection to DSN:pgsql:host=localhost;dbname=template1;user=postgres;password=1029384756
[INFO][2025-07-04 00:44:22] successful connection to DSN:pgsql:host=localhost;dbname=template1;user=postgres;password=1029384756
[INFO][2025-07-04 00:44:28] successful connection to DSN:pgsql:host=localhost;dbname=template1;user=postgres;password=1029384756
[INFO][2025-07-04 00:44:33] successful connection to DSN:pgsql:host=localhost;dbname=template1;user=postgres;password=1029384756
[INFO][2025-07-04 00:47:49] successful connection to DSN:pgsql:host=localhost;dbname=template1;user=postgres;password=1029384756
[INFO][2025-07-04 00:48:03] successful connection to DSN:pgsql:host=localhost;dbname=template1;user=postgres;password=1029384756
[INFO][2025-07-04 00:49:10] successful connection to DSN:pgsql:host=localhost;dbname=template1;user=postgres;password=1029384756
[ERROR][2025-07-04 00:49:10] SQLSTATE[08P01]: <<Unknown error>>: 7 ERROR:  bind message supplies 0 parameters, but prepared statement "pdo_stmt_00000004" requires 1
[INFO][2025-07-04 00:49:13] successful connection to DSN:pgsql:host=localhost;dbname=template1;user=postgres;password=1029384756
[ERROR][2025-07-04 00:49:13] SQLSTATE[08P01]: <<Unknown error>>: 7 ERROR:  bind message supplies 0 parameters, but prepared statement "pdo_stmt_00000004" requires 1
[INFO][2025-07-04 00:49:20] successful connection to DSN:pgsql:host=localhost;dbname=template1;user=postgres;password=1029384756
[ERROR][2025-07-04 00:49:20] SQLSTATE[08P01]: <<Unknown error>>: 7 ERROR:  bind message supplies 0 parameters, but prepared statement "pdo_stmt_00000004" requires 1
[INFO][2025-07-04 00:56:31] successful connection to DSN:pgsql:host=localhost;dbname=template1;user=postgres;password=1029384756
[ERROR][2025-07-04 00:56:31] SQLSTATE[HY093]: Invalid parameter number: :Array
[INFO][2025-07-04 00:56:33] successful connection to DSN:pgsql:host=localhost;dbname=template1;user=postgres;password=1029384756
[ERROR][2025-07-04 00:56:33] SQLSTATE[HY093]: Invalid parameter number: :Array
[INFO][2025-07-04 00:57:05] successful connection to DSN:pgsql:host=localhost;dbname=template1;user=postgres;password=1029384756
[INFO][2025-07-04 00:57:09] successful connection to DSN:pgsql:host=localhost;dbname=template1;user=postgres;password=1029384756
[INFO][2025-07-04 00:57:13] successful connection to DSN:pgsql:host=localhost;dbname=template1;user=postgres;password=1029384756
[INFO][2025-07-04 00:57:44] successful connection to DSN:pgsql:host=localhost;dbname=template1;user=postgres;password=1029384756
[INFO][2025-07-04 00:57:50] successful connection to DSN:pgsql:host=localhost;dbname=template1;user=postgres;password=1029384756
[INFO][2025-07-04 00:57:58] successful connection to DSN:pgsql:host=localhost;dbname=template1;user=postgres;password=1029384756
[INFO][2025-07-04 00:58:01] successful connection to DSN:pgsql:host=localhost;dbname=template1;user=postgres;password=1029384756
